<?xml version="1.0" encoding="UTF-8"?>
<!-- Generated by org.testng.reporters.JUnitReportReporter -->
<testsuite hostname="LAPTOP-O3R6MPBL" failures="0" tests="1" name="com.qa.testcases.AdminPagetest" time="11.937" errors="0" timestamp="2025-02-07T23:53:47 IST" skipped="0">
  <testcase classname="com.qa.testcases.AdminPagetest" name="Initilizewebsite_test" time="11.937"/>
</testsuite> <!-- com.qa.testcases.AdminPagetest -->
